<?xml version="1.0" encoding="UTF-8"?>
<!-- Generated by org.testng.reporters.JUnitXMLReporter -->
<testsuite ignored="12" hostname="DESKTOP-Q7KOQDL" failures="0" tests="13" name="Power Ads Spy Application Test" time="1170.659" errors="0" timestamp="2022-06-19T10:32:34 IST">
  <testcase classname="com.power.testcases.Power_Ad_Spy_VerifyDashboard_Page" name="Verify_Dashboard_Pages" time="181.442"/>
  <testcase classname="com.power.testcases.Verify_Facebook_Dashboard_Filters" name="Verify_Fb_Filters" time="53.853"/>
  <testcase classname="com.power.testcases.Verify_Insta_Dashboard_Filters" name="Verify_insta_Filters" time="53.607"/>
  <testcase classname="com.power.testcases.Verify_Youtube_Dashboard_Filters" name="Verify_Youtube_Filters" time="76.724"/>
  <testcase classname="com.power.testcases.Verify_Googleads_Dashboard_Filters" name="Verify_Googleads_Filters" time="69.251"/>
  <testcase classname="com.power.testcases.Verify_Gdn_Dashboard_Filters" name="Verify_Gdn_Filters" time="74.222"/>
  <testcase classname="com.power.testcases.Verify_Native_Dashboard_Filters" name="Verify_Native_Filters" time="75.73"/>
  <testcase classname="com.power.testcases.Verify_Reddit_Dashboard_Filters" name="Verify_Reddit_Filters" time="74.921"/>
  <testcase classname="com.power.testcases.Verify_Quora_Dashboard_Filters" name="Verify_Quora_Filters" time="75.361"/>
  <testcase classname="com.power.testcases.Verify_Pintrest_Dashboard_Filters" name="Verify_Pintrest_Filters" time="75.582"/>
  <testcase classname="com.power.testcases.Verify_Linkedin_Dashboard_Filters" name="Verify_Linkedin_Filters" time="73.774"/>
  <testcase classname="com.power.testcases.Verify_Twitter_Dashboard_Filters" name="Verify_Twitter_Filters" time="75.365"/>
  <testcase classname="com.power.testcases.Verify_Pushads_Dashboard_Filters" name="Verify_Pushads_Filters" time="76.032"/>
  <testcase classname="com.power.qa.base.TestBase" name="@BeforeSuite beforeSuite" time="0.0">
    <ignored/>
  </testcase> <!-- @BeforeSuite beforeSuite -->
  <testcase classname="com.power.qa.base.TestBase" name="@BeforeSuite beforeSuite" time="0.0">
    <ignored/>
  </testcase> <!-- @BeforeSuite beforeSuite -->
  <testcase classname="com.power.qa.base.TestBase" name="@BeforeSuite beforeSuite" time="0.0">
    <ignored/>
  </testcase> <!-- @BeforeSuite beforeSuite -->
  <testcase classname="com.power.qa.base.TestBase" name="@BeforeSuite beforeSuite" time="0.0">
    <ignored/>
  </testcase> <!-- @BeforeSuite beforeSuite -->
  <testcase classname="com.power.qa.base.TestBase" name="@BeforeSuite beforeSuite" time="0.0">
    <ignored/>
  </testcase> <!-- @BeforeSuite beforeSuite -->
  <testcase classname="com.power.qa.base.TestBase" name="@BeforeSuite beforeSuite" time="0.0">
    <ignored/>
  </testcase> <!-- @BeforeSuite beforeSuite -->
  <testcase classname="com.power.qa.base.TestBase" name="@BeforeSuite beforeSuite" time="0.0">
    <ignored/>
  </testcase> <!-- @BeforeSuite beforeSuite -->
  <testcase classname="com.power.qa.base.TestBase" name="@BeforeSuite beforeSuite" time="0.0">
    <ignored/>
  </testcase> <!-- @BeforeSuite beforeSuite -->
  <testcase classname="com.power.qa.base.TestBase" name="@BeforeSuite beforeSuite" time="0.0">
    <ignored/>
  </testcase> <!-- @BeforeSuite beforeSuite -->
  <testcase classname="com.power.qa.base.TestBase" name="@BeforeSuite beforeSuite" time="0.0">
    <ignored/>
  </testcase> <!-- @BeforeSuite beforeSuite -->
  <testcase classname="com.power.qa.base.TestBase" name="@BeforeSuite beforeSuite" time="0.0">
    <ignored/>
  </testcase> <!-- @BeforeSuite beforeSuite -->
  <testcase classname="com.power.qa.base.TestBase" name="@BeforeSuite beforeSuite" time="0.0">
    <ignored/>
  </testcase> <!-- @BeforeSuite beforeSuite -->
</testsuite> <!-- Power Ads Spy Application Test -->
