<?xml version="1.0" encoding="UTF-8"?>
<!-- Generated by org.testng.reporters.JUnitXMLReporter -->
<testsuite ignored="12" hostname="DESKTOP-Q7KOQDL" failures="0" tests="13" name="PowerAdSpy Application Test" time="1888.366" errors="0" timestamp="2022-06-22T10:58:29 IST">
  <testcase classname="com.power.testcases.Power_Ad_Spy_VerifyDashboard_Page" name="Verify_Dashboard_Pages" time="179.063"/>
  <testcase classname="com.power.testcases.Verify_Facebook_Dashboard_Filters" name="Verify_Fb_Filters" time="112.511"/>
  <testcase classname="com.power.testcases.Verify_Insta_Dashboard_Filters" name="Verify_insta_Filters" time="114.647"/>
  <testcase classname="com.power.testcases.Verify_Youtube_Dashboard_Filters" name="Verify_Youtube_Filters" time="141.387"/>
  <testcase classname="com.power.testcases.Verify_Googleads_Dashboard_Filters" name="Verify_Googleads_Filters" time="127.622"/>
  <testcase classname="com.power.testcases.Verify_Gdn_Dashboard_Filters" name="Verify_Gdn_Filters" time="135.825"/>
  <testcase classname="com.power.testcases.Verify_Native_Dashboard_Filters" name="Verify_Native_Filters" time="135.886"/>
  <testcase classname="com.power.testcases.Verify_Reddit_Dashboard_Filters" name="Verify_Reddit_Filters" time="135.748"/>
  <testcase classname="com.power.testcases.Verify_Quora_Dashboard_Filters" name="Verify_Quora_Filters" time="135.98"/>
  <testcase classname="com.power.testcases.Verify_Pintrest_Dashboard_Filters" name="Verify_Pintrest_Filters" time="134.61"/>
  <testcase classname="com.power.testcases.Verify_Linkedin_Dashboard_Filters" name="Verify_Linkedin_Filters" time="135.471"/>
  <testcase classname="com.power.testcases.Verify_Twitter_Dashboard_Filters" name="Verify_Twitter_Filters" time="136.076"/>
  <testcase classname="com.power.testcases.Verify_Pushads_Dashboard_Filters" name="Verify_Pushads_Filters" time="135.135"/>
  <testcase classname="com.power.qa.base.TestBase" name="@BeforeSuite beforeSuite" time="0.0">
    <ignored/>
  </testcase> <!-- @BeforeSuite beforeSuite -->
  <testcase classname="com.power.qa.base.TestBase" name="@BeforeSuite beforeSuite" time="0.0">
    <ignored/>
  </testcase> <!-- @BeforeSuite beforeSuite -->
  <testcase classname="com.power.qa.base.TestBase" name="@BeforeSuite beforeSuite" time="0.0">
    <ignored/>
  </testcase> <!-- @BeforeSuite beforeSuite -->
  <testcase classname="com.power.qa.base.TestBase" name="@BeforeSuite beforeSuite" time="0.0">
    <ignored/>
  </testcase> <!-- @BeforeSuite beforeSuite -->
  <testcase classname="com.power.qa.base.TestBase" name="@BeforeSuite beforeSuite" time="0.0">
    <ignored/>
  </testcase> <!-- @BeforeSuite beforeSuite -->
  <testcase classname="com.power.qa.base.TestBase" name="@BeforeSuite beforeSuite" time="0.0">
    <ignored/>
  </testcase> <!-- @BeforeSuite beforeSuite -->
  <testcase classname="com.power.qa.base.TestBase" name="@BeforeSuite beforeSuite" time="0.0">
    <ignored/>
  </testcase> <!-- @BeforeSuite beforeSuite -->
  <testcase classname="com.power.qa.base.TestBase" name="@BeforeSuite beforeSuite" time="0.0">
    <ignored/>
  </testcase> <!-- @BeforeSuite beforeSuite -->
  <testcase classname="com.power.qa.base.TestBase" name="@BeforeSuite beforeSuite" time="0.0">
    <ignored/>
  </testcase> <!-- @BeforeSuite beforeSuite -->
  <testcase classname="com.power.qa.base.TestBase" name="@BeforeSuite beforeSuite" time="0.0">
    <ignored/>
  </testcase> <!-- @BeforeSuite beforeSuite -->
  <testcase classname="com.power.qa.base.TestBase" name="@BeforeSuite beforeSuite" time="0.0">
    <ignored/>
  </testcase> <!-- @BeforeSuite beforeSuite -->
  <testcase classname="com.power.qa.base.TestBase" name="@BeforeSuite beforeSuite" time="0.0">
    <ignored/>
  </testcase> <!-- @BeforeSuite beforeSuite -->
</testsuite> <!-- PowerAdSpy Application Test -->
