<?xml version="1.0" encoding="UTF-8"?>
<testng-results ignored="0" total="1" passed="1" failed="0" skipped="0">
  <reporter-output>
    <line>
      <![CDATA[<B><font color = 'blue'>Password .</font></B> Robot Capture is not present]]>
    </line>
    <line>
      <![CDATA[<B><font color = 'blue'>Password .</font></B> PowerAdSpy this is Dev Site]]>
    </line>
    <line>
      <![CDATA[<B><font color = 'blue'>Username .</font></B> Entered User ID]]>
    </line>
    <line>
      <![CDATA[<B><font color = 'blue'>Password .</font></B> Entered Password]]>
    </line>
    <line>
      <![CDATA[<B><font color = 'blue'>Sign In Button .</font></B> Clicked on Submit Button]]>
    </line>
    <line>
      <![CDATA[<B><font color = 'Burgundy'> Step1 -</font> Logged into PowerAdSpy Application]]>
    </line>
    <line>
      <![CDATA[<B><font color = 'Burgundy'> Step2 -</font> I am on the page :PowerAdSpy | Facebook Dashboard]]>
    </line>
    <line>
      <![CDATA[<B><font color = 'Burgundy'> Step3 -</font> Power Ad Spy Logo is Displayed]]>
    </line>
    <line>
      <![CDATA[<B><font color = 'Burgundy'> Step4 -</font> Clicked On Instagram Icon]]>
    </line>
    <line>
      <![CDATA[]]>
    </line>
    <line>
      <![CDATA[<B><font color = 'green'> Newest field -</font> ]]>
    </line>
    <line>
      <![CDATA[<B><font color = 'orange'> Step 1 -</font> Clicked On clear search.]]>
    </line>
    <line>
      <![CDATA[<B><font color = 'orange'> Step 2 -</font> Clicked On sortBy.]]>
    </line>
    <line>
      <![CDATA[<B><font color = 'orange'> Step 3 -</font> Clicked On Newest button.]]>
    </line>
    <line>
      <![CDATA[<B><font color = 'orange'> Step 4 -</font> Clicked On Search Bar.]]>
    </line>
    <line>
      <![CDATA[<B><font color = 'orange'> Step 5 -</font> Total_Ads_Count_newest= 551]]>
    </line>
    <line>
      <![CDATA[]]>
    </line>
    <line>
      <![CDATA[<B><font color = 'Blue-Violet'> 1st Ad -</font> ]]>
    </line>
    <line>
      <![CDATA[<B><font color = 'blue'> ==> -</font> CurrentDatenewest Image in Instagram DashBoard= 11 November 2022]]>
    </line>
    <line>
      <![CDATA[<B><font color = 'blue'> ==> -</font> Clicked on showAnalytics Button]]>
    </line>
    <line>
      <![CDATA[<B><font color = 'blue'> ==> -</font> LastScene_date AdDetails Page= November 11 2022]]>
    </line>
    <line>
      <![CDATA[<B><font color = 'blue'> ==> -</font> Image Date =  11 November 2022    ::    Last Seeen Date = 11 November 2022  are same == PASS]]>
    </line>
    <line>
      <![CDATA[]]>
    </line>
    <line>
      <![CDATA[<B><font color = 'Blue-Violet'> 2st Ad -</font> ]]>
    </line>
    <line>
      <![CDATA[<B><font color = 'red'> ==> -</font> CurrentDatenewest Image in Instagram DashBoard= 11 November 2022]]>
    </line>
    <line>
      <![CDATA[<B><font color = 'red'> ==> -</font> Clicked on showAnalytics Button]]>
    </line>
    <line>
      <![CDATA[<B><font color = 'red'> ==> -</font> LastScene_date AdDetails Page= November 11 2022]]>
    </line>
    <line>
      <![CDATA[<B><font color = 'red'> ==> -</font> Image Date =  11 November 2022    ::    Last Seeen Date = 11 November 2022  are same == PASS]]>
    </line>
    <line>
      <![CDATA[]]>
    </line>
    <line>
      <![CDATA[<B><font color = 'Blue-Violet'> 3th Ad -</font> ]]>
    </line>
    <line>
      <![CDATA[<B><font color = 'blue'> ==> -</font> CurrentDatenewest Image in Instagram DashBoard= 11 November 2022]]>
    </line>
    <line>
      <![CDATA[<B><font color = 'blue'> ==> -</font> Clicked on showAnalytics Button]]>
    </line>
    <line>
      <![CDATA[<B><font color = 'blue'> ==> -</font> LastScene_date AdDetails Page= November 11 2022]]>
    </line>
    <line>
      <![CDATA[<B><font color = 'blue'> ==> -</font> Image Date =  11 November 2022    ::    Last Seeen Date = 11 November 2022  are same == PASS]]>
    </line>
    <line>
      <![CDATA[]]>
    </line>
    <line>
      <![CDATA[<B><font color = 'Blue-Violet'> 4th Ad -</font> ]]>
    </line>
    <line>
      <![CDATA[<B><font color = 'red'> ==> -</font> CurrentDatenewest Image in Instagram DashBoard= 11 November 2022]]>
    </line>
    <line>
      <![CDATA[<B><font color = 'red'> ==> -</font> Clicked on showAnalytics Button]]>
    </line>
    <line>
      <![CDATA[<B><font color = 'red'> ==> -</font> LastScene_date AdDetails Page= November 11 2022]]>
    </line>
    <line>
      <![CDATA[<B><font color = 'red'> ==> -</font> Image Date =  11 November 2022    ::    Last Seeen Date = 11 November 2022  are same == PASS]]>
    </line>
    <line>
      <![CDATA[]]>
    </line>
    <line>
      <![CDATA[<B><font color = 'Blue-Violet'> 5th Ad -</font> ]]>
    </line>
    <line>
      <![CDATA[<B><font color = 'blue'> ==> -</font> CurrentDatenewest Image in Instagram DashBoard= 11 November 2022]]>
    </line>
    <line>
      <![CDATA[<B><font color = 'blue'> ==> -</font> Clicked on showAnalytics Button]]>
    </line>
    <line>
      <![CDATA[<B><font color = 'blue'> ==> -</font> LastScene_date AdDetails Page= November 11 2022]]>
    </line>
    <line>
      <![CDATA[<B><font color = 'blue'> ==> -</font> Image Date =  11 November 2022    ::    Last Seeen Date = 11 November 2022  are same == PASS]]>
    </line>
    <line>
      <![CDATA[]]>
    </line>
    <line>
      <![CDATA[<B><font color = 'Blue-Violet'> 6th Ad -</font> ]]>
    </line>
    <line>
      <![CDATA[<B><font color = 'red'> ==> -</font> CurrentDatenewest Image in Instagram DashBoard= 11 November 2022]]>
    </line>
    <line>
      <![CDATA[<B><font color = 'red'> ==> -</font> Clicked on showAnalytics Button]]>
    </line>
    <line>
      <![CDATA[<B><font color = 'red'> ==> -</font> LastScene_date AdDetails Page= November 11 2022]]>
    </line>
    <line>
      <![CDATA[<B><font color = 'red'> ==> -</font> Image Date =  11 November 2022    ::    Last Seeen Date = 11 November 2022  are same == PASS]]>
    </line>
    <line>
      <![CDATA[]]>
    </line>
    <line>
      <![CDATA[<B><font color = 'Blue-Violet'> 7th Ad -</font> ]]>
    </line>
    <line>
      <![CDATA[<B><font color = 'blue'> ==> -</font> CurrentDatenewest Image in Instagram DashBoard= 11 November 2022]]>
    </line>
    <line>
      <![CDATA[<B><font color = 'blue'> ==> -</font> Clicked on showAnalytics Button]]>
    </line>
    <line>
      <![CDATA[<B><font color = 'blue'> ==> -</font> LastScene_date AdDetails Page= November 11 2022]]>
    </line>
    <line>
      <![CDATA[<B><font color = 'blue'> ==> -</font> Image Date =  11 November 2022    ::    Last Seeen Date = 11 November 2022  are same == PASS]]>
    </line>
    <line>
      <![CDATA[]]>
    </line>
    <line>
      <![CDATA[<B><font color = 'Blue-Violet'> 8th Ad -</font> ]]>
    </line>
    <line>
      <![CDATA[<B><font color = 'blue'> ==> -</font> CurrentDatenewest Image in Instagram DashBoard= 11 November 2022]]>
    </line>
    <line>
      <![CDATA[<B><font color = 'blue'> ==> -</font> Clicked on showAnalytics Button]]>
    </line>
    <line>
      <![CDATA[<B><font color = 'blue'> ==> -</font> LastScene_date AdDetails Page= November 11 2022]]>
    </line>
    <line>
      <![CDATA[<B><font color = 'blue'> ==> -</font> Image Date =  11 November 2022    ::    Last Seeen Date = 11 November 2022  are same == PASS]]>
    </line>
    <line>
      <![CDATA[]]>
    </line>
    <line>
      <![CDATA[<B><font color = 'Blue-Violet'> 9th Ad -</font> ]]>
    </line>
    <line>
      <![CDATA[<B><font color = 'red'> ==> -</font> CurrentDatenewest Image in Instagram DashBoard= 11 November 2022]]>
    </line>
    <line>
      <![CDATA[<B><font color = 'red'> ==> -</font> Clicked on showAnalytics Button]]>
    </line>
    <line>
      <![CDATA[<B><font color = 'red'> ==> -</font> LastScene_date AdDetails Page= November 11 2022]]>
    </line>
    <line>
      <![CDATA[<B><font color = 'red'> ==> -</font> Image Date =  11 November 2022    ::    Last Seeen Date = 11 November 2022  are same == PASS]]>
    </line>
    <line>
      <![CDATA[]]>
    </line>
    <line>
      <![CDATA[<B><font color = 'Blue-Violet'> 10th Ad -</font> ]]>
    </line>
    <line>
      <![CDATA[<B><font color = 'blue'> ==> -</font> CurrentDatenewest Image in Instagram DashBoard= 11 November 2022]]>
    </line>
    <line>
      <![CDATA[<B><font color = 'blue'> ==> -</font> Clicked on showAnalytics Button]]>
    </line>
    <line>
      <![CDATA[<B><font color = 'blue'> ==> -</font> LastScene_date AdDetails Page= November 11 2022]]>
    </line>
    <line>
      <![CDATA[<B><font color = 'blue'> ==> -</font> Image Date =  11 November 2022    ::    Last Seeen Date = 11 November 2022  are same == PASS]]>
    </line>
    <line>
      <![CDATA[]]>
    </line>
    <line>
      <![CDATA[<B><font color = 'Blue-Violet'> 11th Ad -</font> ]]>
    </line>
    <line>
      <![CDATA[<B><font color = 'red'> ==> -</font> CurrentDatenewest Image in Instagram DashBoard= 11 November 2022]]>
    </line>
    <line>
      <![CDATA[<B><font color = 'red'> ==> -</font> Clicked on showAnalytics Button]]>
    </line>
    <line>
      <![CDATA[<B><font color = 'red'> ==> -</font> LastScene_date AdDetails Page= November 11 2022]]>
    </line>
    <line>
      <![CDATA[<B><font color = 'red'> ==> -</font> Image Date =  11 November 2022    ::    Last Seeen Date = 11 November 2022  are same == PASS]]>
    </line>
    <line>
      <![CDATA[]]>
    </line>
    <line>
      <![CDATA[<B><font color = 'Blue-Violet'> 12th Ad -</font> ]]>
    </line>
    <line>
      <![CDATA[<B><font color = 'blue'> ==> -</font> CurrentDatenewest Image in Instagram DashBoard= 1 November 2022]]>
    </line>
    <line>
      <![CDATA[<B><font color = 'blue'> ==> -</font> Clicked on showAnalytics Button]]>
    </line>
    <line>
      <![CDATA[<B><font color = 'blue'> ==> -</font> LastScene_date AdDetails Page= November 1 2022]]>
    </line>
    <line>
      <![CDATA[<B><font color = 'blue'> ==> -</font> Image Date =  1 November 2022    ::    Last Seeen Date = 1 November 2022  are same == PASS]]>
    </line>
    <line>
      <![CDATA[]]>
    </line>
    <line>
      <![CDATA[<B><font color = 'Blue-Violet'> 13th Ad -</font> ]]>
    </line>
    <line>
      <![CDATA[<B><font color = 'red'> ==> -</font> CurrentDatenewest Image in Instagram DashBoard= 1 November 2022]]>
    </line>
    <line>
      <![CDATA[<B><font color = 'red'> ==> -</font> Clicked on showAnalytics Button]]>
    </line>
    <line>
      <![CDATA[<B><font color = 'red'> ==> -</font> LastScene_date AdDetails Page= November 1 2022]]>
    </line>
    <line>
      <![CDATA[<B><font color = 'red'> ==> -</font> Image Date =  1 November 2022    ::    Last Seeen Date = 1 November 2022  are same == PASS]]>
    </line>
    <line>
      <![CDATA[]]>
    </line>
    <line>
      <![CDATA[<B><font color = 'Blue-Violet'> 14th Ad -</font> ]]>
    </line>
    <line>
      <![CDATA[<B><font color = 'blue'> ==> -</font> CurrentDatenewest Image in Instagram DashBoard= 1 November 2022]]>
    </line>
    <line>
      <![CDATA[<B><font color = 'blue'> ==> -</font> Clicked on showAnalytics Button]]>
    </line>
    <line>
      <![CDATA[<B><font color = 'blue'> ==> -</font> LastScene_date AdDetails Page= November 1 2022]]>
    </line>
    <line>
      <![CDATA[<B><font color = 'blue'> ==> -</font> Image Date =  1 November 2022    ::    Last Seeen Date = 1 November 2022  are same == PASS]]>
    </line>
    <line>
      <![CDATA[]]>
    </line>
    <line>
      <![CDATA[<B><font color = 'Blue-Violet'> 15th Ad -</font> ]]>
    </line>
    <line>
      <![CDATA[<B><font color = 'red'> ==> -</font> CurrentDatenewest Image in Instagram DashBoard= 1 November 2022]]>
    </line>
    <line>
      <![CDATA[<B><font color = 'red'> ==> -</font> Clicked on showAnalytics Button]]>
    </line>
    <line>
      <![CDATA[<B><font color = 'red'> ==> -</font> LastScene_date AdDetails Page= November 1 2022]]>
    </line>
    <line>
      <![CDATA[<B><font color = 'red'> ==> -</font> Image Date =  1 November 2022    ::    Last Seeen Date = 1 November 2022  are same == PASS]]>
    </line>
  </reporter-output>
  <suite started-at="2022-11-18T12:57:48 IST" name="Default suite" finished-at="2022-11-18T13:00:46 IST" duration-ms="178809">
    <groups>
    </groups>
    <test started-at="2022-11-18T12:57:48 IST" name="Default test" finished-at="2022-11-18T13:00:46 IST" duration-ms="178809">
      <class name="com.power.testcases.Verify_Instagram_DashBoard_SortBy">
        <test-method is-config="true" signature="beforeSuite()[pri:0, instance:com.power.testcases.Verify_Instagram_DashBoard_SortBy@5e9456ae]" started-at="2022-11-18T12:57:48 IST" name="beforeSuite" finished-at="2022-11-18T12:57:48 IST" duration-ms="55" status="PASS">
          <reporter-output>
          </reporter-output>
        </test-method> <!-- beforeSuite -->
        <test-method is-config="true" signature="initialization()[pri:0, instance:com.power.testcases.Verify_Instagram_DashBoard_SortBy@5e9456ae]" started-at="2022-11-18T12:57:48 IST" name="initialization" finished-at="2022-11-18T12:58:02 IST" duration-ms="14638" status="PASS">
          <reporter-output>
          </reporter-output>
        </test-method> <!-- initialization -->
        <test-method is-config="true" signature="setUp()[pri:0, instance:com.power.testcases.Verify_Instagram_DashBoard_SortBy@5e9456ae]" started-at="2022-11-18T12:58:02 IST" name="setUp" finished-at="2022-11-18T12:58:07 IST" duration-ms="4962" status="PASS">
          <reporter-output>
            <line>
              <![CDATA[<B><font color = 'blue'>Password .</font></B> Robot Capture is not present]]>
            </line>
            <line>
              <![CDATA[<B><font color = 'blue'>Password .</font></B> PowerAdSpy this is Dev Site]]>
            </line>
            <line>
              <![CDATA[<B><font color = 'blue'>Username .</font></B> Entered User ID]]>
            </line>
            <line>
              <![CDATA[<B><font color = 'blue'>Password .</font></B> Entered Password]]>
            </line>
            <line>
              <![CDATA[<B><font color = 'blue'>Sign In Button .</font></B> Clicked on Submit Button]]>
            </line>
          </reporter-output>
        </test-method> <!-- setUp -->
        <test-method signature="verify_Instagram_Sortby()[pri:0, instance:com.power.testcases.Verify_Instagram_DashBoard_SortBy@5e9456ae]" started-at="2022-11-18T12:58:07 IST" name="verify_Instagram_Sortby" finished-at="2022-11-18T13:00:45 IST" duration-ms="158050" status="PASS">
          <reporter-output>
            <line>
              <![CDATA[<B><font color = 'Burgundy'> Step1 -</font> Logged into PowerAdSpy Application]]>
            </line>
            <line>
              <![CDATA[<B><font color = 'Burgundy'> Step2 -</font> I am on the page :PowerAdSpy | Facebook Dashboard]]>
            </line>
            <line>
              <![CDATA[<B><font color = 'Burgundy'> Step3 -</font> Power Ad Spy Logo is Displayed]]>
            </line>
            <line>
              <![CDATA[<B><font color = 'Burgundy'> Step4 -</font> Clicked On Instagram Icon]]>
            </line>
            <line>
              <![CDATA[]]>
            </line>
            <line>
              <![CDATA[<B><font color = 'green'> Newest field -</font> ]]>
            </line>
            <line>
              <![CDATA[<B><font color = 'orange'> Step 1 -</font> Clicked On clear search.]]>
            </line>
            <line>
              <![CDATA[<B><font color = 'orange'> Step 2 -</font> Clicked On sortBy.]]>
            </line>
            <line>
              <![CDATA[<B><font color = 'orange'> Step 3 -</font> Clicked On Newest button.]]>
            </line>
            <line>
              <![CDATA[<B><font color = 'orange'> Step 4 -</font> Clicked On Search Bar.]]>
            </line>
            <line>
              <![CDATA[<B><font color = 'orange'> Step 5 -</font> Total_Ads_Count_newest= 551]]>
            </line>
            <line>
              <![CDATA[]]>
            </line>
            <line>
              <![CDATA[<B><font color = 'Blue-Violet'> 1st Ad -</font> ]]>
            </line>
            <line>
              <![CDATA[<B><font color = 'blue'> ==> -</font> CurrentDatenewest Image in Instagram DashBoard= 11 November 2022]]>
            </line>
            <line>
              <![CDATA[<B><font color = 'blue'> ==> -</font> Clicked on showAnalytics Button]]>
            </line>
            <line>
              <![CDATA[<B><font color = 'blue'> ==> -</font> LastScene_date AdDetails Page= November 11 2022]]>
            </line>
            <line>
              <![CDATA[<B><font color = 'blue'> ==> -</font> Image Date =  11 November 2022    ::    Last Seeen Date = 11 November 2022  are same == PASS]]>
            </line>
            <line>
              <![CDATA[]]>
            </line>
            <line>
              <![CDATA[<B><font color = 'Blue-Violet'> 2st Ad -</font> ]]>
            </line>
            <line>
              <![CDATA[<B><font color = 'red'> ==> -</font> CurrentDatenewest Image in Instagram DashBoard= 11 November 2022]]>
            </line>
            <line>
              <![CDATA[<B><font color = 'red'> ==> -</font> Clicked on showAnalytics Button]]>
            </line>
            <line>
              <![CDATA[<B><font color = 'red'> ==> -</font> LastScene_date AdDetails Page= November 11 2022]]>
            </line>
            <line>
              <![CDATA[<B><font color = 'red'> ==> -</font> Image Date =  11 November 2022    ::    Last Seeen Date = 11 November 2022  are same == PASS]]>
            </line>
            <line>
              <![CDATA[]]>
            </line>
            <line>
              <![CDATA[<B><font color = 'Blue-Violet'> 3th Ad -</font> ]]>
            </line>
            <line>
              <![CDATA[<B><font color = 'blue'> ==> -</font> CurrentDatenewest Image in Instagram DashBoard= 11 November 2022]]>
            </line>
            <line>
              <![CDATA[<B><font color = 'blue'> ==> -</font> Clicked on showAnalytics Button]]>
            </line>
            <line>
              <![CDATA[<B><font color = 'blue'> ==> -</font> LastScene_date AdDetails Page= November 11 2022]]>
            </line>
            <line>
              <![CDATA[<B><font color = 'blue'> ==> -</font> Image Date =  11 November 2022    ::    Last Seeen Date = 11 November 2022  are same == PASS]]>
            </line>
            <line>
              <![CDATA[]]>
            </line>
            <line>
              <![CDATA[<B><font color = 'Blue-Violet'> 4th Ad -</font> ]]>
            </line>
            <line>
              <![CDATA[<B><font color = 'red'> ==> -</font> CurrentDatenewest Image in Instagram DashBoard= 11 November 2022]]>
            </line>
            <line>
              <![CDATA[<B><font color = 'red'> ==> -</font> Clicked on showAnalytics Button]]>
            </line>
            <line>
              <![CDATA[<B><font color = 'red'> ==> -</font> LastScene_date AdDetails Page= November 11 2022]]>
            </line>
            <line>
              <![CDATA[<B><font color = 'red'> ==> -</font> Image Date =  11 November 2022    ::    Last Seeen Date = 11 November 2022  are same == PASS]]>
            </line>
            <line>
              <![CDATA[]]>
            </line>
            <line>
              <![CDATA[<B><font color = 'Blue-Violet'> 5th Ad -</font> ]]>
            </line>
            <line>
              <![CDATA[<B><font color = 'blue'> ==> -</font> CurrentDatenewest Image in Instagram DashBoard= 11 November 2022]]>
            </line>
            <line>
              <![CDATA[<B><font color = 'blue'> ==> -</font> Clicked on showAnalytics Button]]>
            </line>
            <line>
              <![CDATA[<B><font color = 'blue'> ==> -</font> LastScene_date AdDetails Page= November 11 2022]]>
            </line>
            <line>
              <![CDATA[<B><font color = 'blue'> ==> -</font> Image Date =  11 November 2022    ::    Last Seeen Date = 11 November 2022  are same == PASS]]>
            </line>
            <line>
              <![CDATA[]]>
            </line>
            <line>
              <![CDATA[<B><font color = 'Blue-Violet'> 6th Ad -</font> ]]>
            </line>
            <line>
              <![CDATA[<B><font color = 'red'> ==> -</font> CurrentDatenewest Image in Instagram DashBoard= 11 November 2022]]>
            </line>
            <line>
              <![CDATA[<B><font color = 'red'> ==> -</font> Clicked on showAnalytics Button]]>
            </line>
            <line>
              <![CDATA[<B><font color = 'red'> ==> -</font> LastScene_date AdDetails Page= November 11 2022]]>
            </line>
            <line>
              <![CDATA[<B><font color = 'red'> ==> -</font> Image Date =  11 November 2022    ::    Last Seeen Date = 11 November 2022  are same == PASS]]>
            </line>
            <line>
              <![CDATA[]]>
            </line>
            <line>
              <![CDATA[<B><font color = 'Blue-Violet'> 7th Ad -</font> ]]>
            </line>
            <line>
              <![CDATA[<B><font color = 'blue'> ==> -</font> CurrentDatenewest Image in Instagram DashBoard= 11 November 2022]]>
            </line>
            <line>
              <![CDATA[<B><font color = 'blue'> ==> -</font> Clicked on showAnalytics Button]]>
            </line>
            <line>
              <![CDATA[<B><font color = 'blue'> ==> -</font> LastScene_date AdDetails Page= November 11 2022]]>
            </line>
            <line>
              <![CDATA[<B><font color = 'blue'> ==> -</font> Image Date =  11 November 2022    ::    Last Seeen Date = 11 November 2022  are same == PASS]]>
            </line>
            <line>
              <![CDATA[]]>
            </line>
            <line>
              <![CDATA[<B><font color = 'Blue-Violet'> 8th Ad -</font> ]]>
            </line>
            <line>
              <![CDATA[<B><font color = 'blue'> ==> -</font> CurrentDatenewest Image in Instagram DashBoard= 11 November 2022]]>
            </line>
            <line>
              <![CDATA[<B><font color = 'blue'> ==> -</font> Clicked on showAnalytics Button]]>
            </line>
            <line>
              <![CDATA[<B><font color = 'blue'> ==> -</font> LastScene_date AdDetails Page= November 11 2022]]>
            </line>
            <line>
              <![CDATA[<B><font color = 'blue'> ==> -</font> Image Date =  11 November 2022    ::    Last Seeen Date = 11 November 2022  are same == PASS]]>
            </line>
            <line>
              <![CDATA[]]>
            </line>
            <line>
              <![CDATA[<B><font color = 'Blue-Violet'> 9th Ad -</font> ]]>
            </line>
            <line>
              <![CDATA[<B><font color = 'red'> ==> -</font> CurrentDatenewest Image in Instagram DashBoard= 11 November 2022]]>
            </line>
            <line>
              <![CDATA[<B><font color = 'red'> ==> -</font> Clicked on showAnalytics Button]]>
            </line>
            <line>
              <![CDATA[<B><font color = 'red'> ==> -</font> LastScene_date AdDetails Page= November 11 2022]]>
            </line>
            <line>
              <![CDATA[<B><font color = 'red'> ==> -</font> Image Date =  11 November 2022    ::    Last Seeen Date = 11 November 2022  are same == PASS]]>
            </line>
            <line>
              <![CDATA[]]>
            </line>
            <line>
              <![CDATA[<B><font color = 'Blue-Violet'> 10th Ad -</font> ]]>
            </line>
            <line>
              <![CDATA[<B><font color = 'blue'> ==> -</font> CurrentDatenewest Image in Instagram DashBoard= 11 November 2022]]>
            </line>
            <line>
              <![CDATA[<B><font color = 'blue'> ==> -</font> Clicked on showAnalytics Button]]>
            </line>
            <line>
              <![CDATA[<B><font color = 'blue'> ==> -</font> LastScene_date AdDetails Page= November 11 2022]]>
            </line>
            <line>
              <![CDATA[<B><font color = 'blue'> ==> -</font> Image Date =  11 November 2022    ::    Last Seeen Date = 11 November 2022  are same == PASS]]>
            </line>
            <line>
              <![CDATA[]]>
            </line>
            <line>
              <![CDATA[<B><font color = 'Blue-Violet'> 11th Ad -</font> ]]>
            </line>
            <line>
              <![CDATA[<B><font color = 'red'> ==> -</font> CurrentDatenewest Image in Instagram DashBoard= 11 November 2022]]>
            </line>
            <line>
              <![CDATA[<B><font color = 'red'> ==> -</font> Clicked on showAnalytics Button]]>
            </line>
            <line>
              <![CDATA[<B><font color = 'red'> ==> -</font> LastScene_date AdDetails Page= November 11 2022]]>
            </line>
            <line>
              <![CDATA[<B><font color = 'red'> ==> -</font> Image Date =  11 November 2022    ::    Last Seeen Date = 11 November 2022  are same == PASS]]>
            </line>
            <line>
              <![CDATA[]]>
            </line>
            <line>
              <![CDATA[<B><font color = 'Blue-Violet'> 12th Ad -</font> ]]>
            </line>
            <line>
              <![CDATA[<B><font color = 'blue'> ==> -</font> CurrentDatenewest Image in Instagram DashBoard= 1 November 2022]]>
            </line>
            <line>
              <![CDATA[<B><font color = 'blue'> ==> -</font> Clicked on showAnalytics Button]]>
            </line>
            <line>
              <![CDATA[<B><font color = 'blue'> ==> -</font> LastScene_date AdDetails Page= November 1 2022]]>
            </line>
            <line>
              <![CDATA[<B><font color = 'blue'> ==> -</font> Image Date =  1 November 2022    ::    Last Seeen Date = 1 November 2022  are same == PASS]]>
            </line>
            <line>
              <![CDATA[]]>
            </line>
            <line>
              <![CDATA[<B><font color = 'Blue-Violet'> 13th Ad -</font> ]]>
            </line>
            <line>
              <![CDATA[<B><font color = 'red'> ==> -</font> CurrentDatenewest Image in Instagram DashBoard= 1 November 2022]]>
            </line>
            <line>
              <![CDATA[<B><font color = 'red'> ==> -</font> Clicked on showAnalytics Button]]>
            </line>
            <line>
              <![CDATA[<B><font color = 'red'> ==> -</font> LastScene_date AdDetails Page= November 1 2022]]>
            </line>
            <line>
              <![CDATA[<B><font color = 'red'> ==> -</font> Image Date =  1 November 2022    ::    Last Seeen Date = 1 November 2022  are same == PASS]]>
            </line>
            <line>
              <![CDATA[]]>
            </line>
            <line>
              <![CDATA[<B><font color = 'Blue-Violet'> 14th Ad -</font> ]]>
            </line>
            <line>
              <![CDATA[<B><font color = 'blue'> ==> -</font> CurrentDatenewest Image in Instagram DashBoard= 1 November 2022]]>
            </line>
            <line>
              <![CDATA[<B><font color = 'blue'> ==> -</font> Clicked on showAnalytics Button]]>
            </line>
            <line>
              <![CDATA[<B><font color = 'blue'> ==> -</font> LastScene_date AdDetails Page= November 1 2022]]>
            </line>
            <line>
              <![CDATA[<B><font color = 'blue'> ==> -</font> Image Date =  1 November 2022    ::    Last Seeen Date = 1 November 2022  are same == PASS]]>
            </line>
            <line>
              <![CDATA[]]>
            </line>
            <line>
              <![CDATA[<B><font color = 'Blue-Violet'> 15th Ad -</font> ]]>
            </line>
            <line>
              <![CDATA[<B><font color = 'red'> ==> -</font> CurrentDatenewest Image in Instagram DashBoard= 1 November 2022]]>
            </line>
            <line>
              <![CDATA[<B><font color = 'red'> ==> -</font> Clicked on showAnalytics Button]]>
            </line>
            <line>
              <![CDATA[<B><font color = 'red'> ==> -</font> LastScene_date AdDetails Page= November 1 2022]]>
            </line>
            <line>
              <![CDATA[<B><font color = 'red'> ==> -</font> Image Date =  1 November 2022    ::    Last Seeen Date = 1 November 2022  are same == PASS]]>
            </line>
          </reporter-output>
        </test-method> <!-- verify_Instagram_Sortby -->
        <test-method is-config="true" signature="tearDown(org.testng.ITestResult)[pri:0, instance:com.power.testcases.Verify_Instagram_DashBoard_SortBy@5e9456ae]" started-at="2022-11-18T13:00:45 IST" name="tearDown" finished-at="2022-11-18T13:00:46 IST" duration-ms="1024" status="PASS">
          <params>
            <param index="0">
              <value>
                <![CDATA[[TestResult name=verify_Instagram_Sortby status=SUCCESS method=Verify_Instagram_DashBoard_SortBy.verify_Instagram_Sortby()[pri:0, instance:com.power.testcases.Verify_Instagram_DashBoard_SortBy@5e9456ae] output=<B><font color = 'Burgundy'> Step1 -</font> Logged into PowerAdSpy Application]]]>
              </value>
            </param>
          </params>
          <reporter-output>
          </reporter-output>
        </test-method> <!-- tearDown -->
      </class> <!-- com.power.testcases.Verify_Instagram_DashBoard_SortBy -->
    </test> <!-- Default test -->
  </suite> <!-- Default suite -->
</testng-results>
